1680645051.796129 client started (1129557): version 3.3a, socket /tmp/tmux-501/default, protocol 8
1680645051.796959 on Linux 5.15.28-1ep.el6.x86_64 #1 SMP Fri Mar 11 22:17:29 UTC 2022
1680645051.796971 using libevent 1.4.15 (poll); ncurses 5.7
1680645051.797000 flags are 0x10010000
1680645051.797004 socket is /tmp/tmux-501/default
1680645051.797016 trying connect
1680645051.797116 add peer 0x1daa2a0: 6 ((nil))
1680645051.797973 sending message 100 to peer 0x1daa2a0 (4 bytes)
1680645051.797984 sending message 111 to peer 0x1daa2a0 (8 bytes)
1680645051.797987 sending message 101 to peer 0x1daa2a0 (15 bytes)
1680645051.797990 sending message 109 to peer 0x1daa2a0 (4 bytes)
1680645051.797993 sending message 102 to peer 0x1daa2a0 (11 bytes)
1680645051.797996 sending message 108 to peer 0x1daa2a0 (22 bytes)
1680645051.798000 sending message 112 to peer 0x1daa2a0 (58 bytes)
1680645051.798003 sending message 112 to peer 0x1daa2a0 (5 bytes)
1680645051.798006 sending message 112 to peer 0x1daa2a0 (5 bytes)
1680645051.798009 sending message 112 to peer 0x1daa2a0 (6 bytes)
1680645051.798012 sending message 112 to peer 0x1daa2a0 (6 bytes)
1680645051.798014 sending message 112 to peer 0x1daa2a0 (11 bytes)
1680645051.798017 sending message 112 to peer 0x1daa2a0 (10 bytes)
1680645051.798020 sending message 112 to peer 0x1daa2a0 (13 bytes)
1680645051.798022 sending message 112 to peer 0x1daa2a0 (14 bytes)
1680645051.798025 sending message 112 to peer 0x1daa2a0 (19 bytes)
1680645051.798028 sending message 112 to peer 0x1daa2a0 (11 bytes)
1680645051.798031 sending message 112 to peer 0x1daa2a0 (21 bytes)
1680645051.798034 sending message 112 to peer 0x1daa2a0 (13 bytes)
1680645051.798036 sending message 112 to peer 0x1daa2a0 (7 bytes)
1680645051.798039 sending message 112 to peer 0x1daa2a0 (13 bytes)
1680645051.798042 sending message 112 to peer 0x1daa2a0 (7 bytes)
1680645051.798044 sending message 112 to peer 0x1daa2a0 (13 bytes)
1680645051.798047 sending message 112 to peer 0x1daa2a0 (9 bytes)
1680645051.798050 sending message 112 to peer 0x1daa2a0 (21 bytes)
1680645051.798053 sending message 112 to peer 0x1daa2a0 (13 bytes)
1680645051.798055 sending message 112 to peer 0x1daa2a0 (9 bytes)
1680645051.798058 sending message 112 to peer 0x1daa2a0 (16 bytes)
1680645051.798061 sending message 112 to peer 0x1daa2a0 (13 bytes)
1680645051.798063 sending message 112 to peer 0x1daa2a0 (9 bytes)
1680645051.798066 sending message 112 to peer 0x1daa2a0 (12 bytes)
1680645051.798069 sending message 112 to peer 0x1daa2a0 (8 bytes)
1680645051.798072 sending message 112 to peer 0x1daa2a0 (13 bytes)
1680645051.798074 sending message 112 to peer 0x1daa2a0 (7 bytes)
1680645051.798077 sending message 112 to peer 0x1daa2a0 (7 bytes)
1680645051.798080 sending message 112 to peer 0x1daa2a0 (9 bytes)
1680645051.798082 sending message 112 to peer 0x1daa2a0 (9 bytes)
1680645051.798085 sending message 112 to peer 0x1daa2a0 (15 bytes)
1680645051.798088 sending message 112 to peer 0x1daa2a0 (13 bytes)
1680645051.798091 sending message 112 to peer 0x1daa2a0 (12 bytes)
1680645051.798094 sending message 112 to peer 0x1daa2a0 (8 bytes)
1680645051.798096 sending message 112 to peer 0x1daa2a0 (14 bytes)
1680645051.798099 sending message 112 to peer 0x1daa2a0 (11 bytes)
1680645051.798102 sending message 112 to peer 0x1daa2a0 (9 bytes)
1680645051.798104 sending message 112 to peer 0x1daa2a0 (10 bytes)
1680645051.798107 sending message 112 to peer 0x1daa2a0 (10 bytes)
1680645051.798110 sending message 112 to peer 0x1daa2a0 (10 bytes)
1680645051.798113 sending message 112 to peer 0x1daa2a0 (10 bytes)
1680645051.798115 sending message 112 to peer 0x1daa2a0 (11 bytes)
1680645051.798118 sending message 112 to peer 0x1daa2a0 (12 bytes)
1680645051.798121 sending message 112 to peer 0x1daa2a0 (12 bytes)
1680645051.798123 sending message 112 to peer 0x1daa2a0 (12 bytes)
1680645051.798126 sending message 112 to peer 0x1daa2a0 (12 bytes)
1680645051.798129 sending message 112 to peer 0x1daa2a0 (12 bytes)
1680645051.798132 sending message 112 to peer 0x1daa2a0 (11 bytes)
1680645051.798134 sending message 112 to peer 0x1daa2a0 (11 bytes)
1680645051.798145 sending message 112 to peer 0x1daa2a0 (12 bytes)
1680645051.798148 sending message 112 to peer 0x1daa2a0 (12 bytes)
1680645051.798151 sending message 112 to peer 0x1daa2a0 (12 bytes)
1680645051.798153 sending message 112 to peer 0x1daa2a0 (12 bytes)
1680645051.798156 sending message 112 to peer 0x1daa2a0 (12 bytes)
1680645051.798159 sending message 112 to peer 0x1daa2a0 (9 bytes)
1680645051.798162 sending message 112 to peer 0x1daa2a0 (12 bytes)
1680645051.798164 sending message 112 to peer 0x1daa2a0 (13 bytes)
1680645051.798167 sending message 112 to peer 0x1daa2a0 (13 bytes)
1680645051.798170 sending message 112 to peer 0x1daa2a0 (13 bytes)
1680645051.798173 sending message 112 to peer 0x1daa2a0 (13 bytes)
1680645051.798175 sending message 112 to peer 0x1daa2a0 (13 bytes)
1680645051.798178 sending message 112 to peer 0x1daa2a0 (8 bytes)
1680645051.798181 sending message 112 to peer 0x1daa2a0 (11 bytes)
1680645051.798184 sending message 112 to peer 0x1daa2a0 (11 bytes)
1680645051.798186 sending message 112 to peer 0x1daa2a0 (11 bytes)
1680645051.798189 sending message 112 to peer 0x1daa2a0 (12 bytes)
1680645051.798192 sending message 112 to peer 0x1daa2a0 (12 bytes)
1680645051.798195 sending message 112 to peer 0x1daa2a0 (12 bytes)
1680645051.798197 sending message 112 to peer 0x1daa2a0 (12 bytes)
1680645051.798200 sending message 112 to peer 0x1daa2a0 (13 bytes)
1680645051.798203 sending message 112 to peer 0x1daa2a0 (13 bytes)
1680645051.798205 sending message 112 to peer 0x1daa2a0 (13 bytes)
1680645051.798208 sending message 112 to peer 0x1daa2a0 (8 bytes)
1680645051.798211 sending message 112 to peer 0x1daa2a0 (13 bytes)
1680645051.798214 sending message 112 to peer 0x1daa2a0 (13 bytes)
1680645051.798216 sending message 112 to peer 0x1daa2a0 (13 bytes)
1680645051.798219 sending message 112 to peer 0x1daa2a0 (13 bytes)
1680645051.798222 sending message 112 to peer 0x1daa2a0 (13 bytes)
1680645051.798225 sending message 112 to peer 0x1daa2a0 (12 bytes)
1680645051.798227 sending message 112 to peer 0x1daa2a0 (12 bytes)
1680645051.798230 sending message 112 to peer 0x1daa2a0 (12 bytes)
1680645051.798233 sending message 112 to peer 0x1daa2a0 (12 bytes)
1680645051.798236 sending message 112 to peer 0x1daa2a0 (13 bytes)
1680645051.798238 sending message 112 to peer 0x1daa2a0 (8 bytes)
1680645051.798241 sending message 112 to peer 0x1daa2a0 (13 bytes)
1680645051.798244 sending message 112 to peer 0x1daa2a0 (13 bytes)
1680645051.798247 sending message 112 to peer 0x1daa2a0 (13 bytes)
1680645051.798249 sending message 112 to peer 0x1daa2a0 (13 bytes)
1680645051.798252 sending message 112 to peer 0x1daa2a0 (13 bytes)
1680645051.798255 sending message 112 to peer 0x1daa2a0 (13 bytes)
1680645051.798257 sending message 112 to peer 0x1daa2a0 (13 bytes)
1680645051.798260 sending message 112 to peer 0x1daa2a0 (12 bytes)
1680645051.798263 sending message 112 to peer 0x1daa2a0 (12 bytes)
1680645051.798266 sending message 112 to peer 0x1daa2a0 (12 bytes)
1680645051.798268 sending message 112 to peer 0x1daa2a0 (8 bytes)
1680645051.798271 sending message 112 to peer 0x1daa2a0 (12 bytes)
1680645051.798274 sending message 112 to peer 0x1daa2a0 (13 bytes)
1680645051.798303 sending message 112 to peer 0x1daa2a0 (13 bytes)
1680645051.798308 sending message 112 to peer 0x1daa2a0 (13 bytes)
1680645051.798311 sending message 112 to peer 0x1daa2a0 (13 bytes)
1680645051.798314 sending message 112 to peer 0x1daa2a0 (13 bytes)
1680645051.798317 sending message 112 to peer 0x1daa2a0 (13 bytes)
1680645051.798320 sending message 112 to peer 0x1daa2a0 (13 bytes)
1680645051.798322 sending message 112 to peer 0x1daa2a0 (13 bytes)
1680645051.798325 sending message 112 to peer 0x1daa2a0 (12 bytes)
1680645051.798328 sending message 112 to peer 0x1daa2a0 (10 bytes)
1680645051.798331 sending message 112 to peer 0x1daa2a0 (12 bytes)
1680645051.798334 sending message 112 to peer 0x1daa2a0 (12 bytes)
1680645051.798336 sending message 112 to peer 0x1daa2a0 (12 bytes)
1680645051.798339 sending message 112 to peer 0x1daa2a0 (13 bytes)
1680645051.798349 sending message 112 to peer 0x1daa2a0 (13 bytes)
1680645051.798352 sending message 112 to peer 0x1daa2a0 (13 bytes)
1680645051.798355 sending message 112 to peer 0x1daa2a0 (13 bytes)
1680645051.798416 sending message 112 to peer 0x1daa2a0 (13 bytes)
1680645051.798423 sending message 112 to peer 0x1daa2a0 (13 bytes)
1680645051.798427 sending message 112 to peer 0x1daa2a0 (13 bytes)
1680645051.798430 sending message 112 to peer 0x1daa2a0 (10 bytes)
1680645051.798433 sending message 112 to peer 0x1daa2a0 (13 bytes)
1680645051.798436 sending message 112 to peer 0x1daa2a0 (12 bytes)
1680645051.798439 sending message 112 to peer 0x1daa2a0 (12 bytes)
1680645051.798442 sending message 112 to peer 0x1daa2a0 (12 bytes)
1680645051.798444 sending message 112 to peer 0x1daa2a0 (10 bytes)
1680645051.798447 sending message 112 to peer 0x1daa2a0 (10 bytes)
1680645051.798450 sending message 112 to peer 0x1daa2a0 (10 bytes)
1680645051.798452 sending message 112 to peer 0x1daa2a0 (12 bytes)
1680645051.798455 sending message 112 to peer 0x1daa2a0 (13 bytes)
1680645051.798458 sending message 112 to peer 0x1daa2a0 (13 bytes)
1680645051.798461 sending message 112 to peer 0x1daa2a0 (13 bytes)
1680645051.798463 sending message 112 to peer 0x1daa2a0 (13 bytes)
1680645051.798466 sending message 112 to peer 0x1daa2a0 (13 bytes)
1680645051.798469 sending message 112 to peer 0x1daa2a0 (10 bytes)
1680645051.798472 sending message 112 to peer 0x1daa2a0 (11 bytes)
1680645051.798474 sending message 112 to peer 0x1daa2a0 (12 bytes)
1680645051.798477 sending message 112 to peer 0x1daa2a0 (12 bytes)
1680645051.798480 sending message 112 to peer 0x1daa2a0 (12 bytes)
1680645051.798483 sending message 112 to peer 0x1daa2a0 (12 bytes)
1680645051.798485 sending message 112 to peer 0x1daa2a0 (12 bytes)
1680645051.798488 sending message 112 to peer 0x1daa2a0 (11 bytes)
1680645051.798491 sending message 112 to peer 0x1daa2a0 (12 bytes)
1680645051.798494 sending message 112 to peer 0x1daa2a0 (12 bytes)
1680645051.798496 sending message 112 to peer 0x1daa2a0 (13 bytes)
1680645051.798499 sending message 112 to peer 0x1daa2a0 (13 bytes)
1680645051.798502 sending message 112 to peer 0x1daa2a0 (13 bytes)
1680645051.798504 sending message 112 to peer 0x1daa2a0 (13 bytes)
1680645051.798507 sending message 112 to peer 0x1daa2a0 (13 bytes)
1680645051.798510 sending message 112 to peer 0x1daa2a0 (10 bytes)
1680645051.798513 sending message 112 to peer 0x1daa2a0 (9 bytes)
1680645051.798515 sending message 112 to peer 0x1daa2a0 (12 bytes)
1680645051.798518 sending message 112 to peer 0x1daa2a0 (13 bytes)
1680645051.798521 sending message 112 to peer 0x1daa2a0 (13 bytes)
1680645051.798523 sending message 112 to peer 0x1daa2a0 (13 bytes)
1680645051.798526 sending message 112 to peer 0x1daa2a0 (13 bytes)
1680645051.798529 sending message 112 to peer 0x1daa2a0 (13 bytes)
1680645051.798532 sending message 112 to peer 0x1daa2a0 (9 bytes)
1680645051.798534 sending message 112 to peer 0x1daa2a0 (12 bytes)
1680645051.798537 sending message 112 to peer 0x1daa2a0 (13 bytes)
1680645051.798540 sending message 112 to peer 0x1daa2a0 (13 bytes)
1680645051.798543 sending message 112 to peer 0x1daa2a0 (13 bytes)
1680645051.798545 sending message 112 to peer 0x1daa2a0 (13 bytes)
1680645051.798548 sending message 112 to peer 0x1daa2a0 (13 bytes)
1680645051.798551 sending message 112 to peer 0x1daa2a0 (11 bytes)
1680645051.798554 sending message 112 to peer 0x1daa2a0 (12 bytes)
1680645051.798556 sending message 112 to peer 0x1daa2a0 (13 bytes)
1680645051.798559 sending message 112 to peer 0x1daa2a0 (13 bytes)
1680645051.798562 sending message 112 to peer 0x1daa2a0 (13 bytes)
1680645051.798565 sending message 112 to peer 0x1daa2a0 (13 bytes)
1680645051.798567 sending message 112 to peer 0x1daa2a0 (13 bytes)
1680645051.798570 sending message 112 to peer 0x1daa2a0 (11 bytes)
1680645051.798573 sending message 112 to peer 0x1daa2a0 (12 bytes)
1680645051.798576 sending message 112 to peer 0x1daa2a0 (12 bytes)
1680645051.798579 sending message 112 to peer 0x1daa2a0 (12 bytes)
1680645051.798585 sending message 112 to peer 0x1daa2a0 (12 bytes)
1680645051.798588 sending message 112 to peer 0x1daa2a0 (12 bytes)
1680645051.798591 sending message 112 to peer 0x1daa2a0 (12 bytes)
1680645051.798594 sending message 112 to peer 0x1daa2a0 (9 bytes)
1680645051.798597 sending message 112 to peer 0x1daa2a0 (6 bytes)
1680645051.798600 sending message 112 to peer 0x1daa2a0 (13 bytes)
1680645051.798603 sending message 112 to peer 0x1daa2a0 (10 bytes)
1680645051.798605 sending message 112 to peer 0x1daa2a0 (15 bytes)
1680645051.798608 sending message 112 to peer 0x1daa2a0 (13 bytes)
1680645051.798611 sending message 112 to peer 0x1daa2a0 (70 bytes)
1680645051.798614 sending message 112 to peer 0x1daa2a0 (69 bytes)
1680645051.798617 sending message 112 to peer 0x1daa2a0 (12 bytes)
1680645051.798620 sending message 112 to peer 0x1daa2a0 (10 bytes)
1680645051.798623 sending message 112 to peer 0x1daa2a0 (15 bytes)
1680645051.798626 sending message 112 to peer 0x1daa2a0 (13 bytes)
1680645051.798629 sending message 112 to peer 0x1daa2a0 (10 bytes)
1680645051.798631 sending message 112 to peer 0x1daa2a0 (10 bytes)
1680645051.798634 sending message 112 to peer 0x1daa2a0 (15 bytes)
1680645051.798640 sending message 104 to peer 0x1daa2a0 (0 bytes)
1680645051.798643 sending message 110 to peer 0x1daa2a0 (0 bytes)
1680645051.798646 sending message 107 to peer 0x1daa2a0 (4 bytes)
1680645051.798649 sending message 105 to peer 0x1daa2a0 (18 bytes)
1680645051.798652 sending message 105 to peer 0x1daa2a0 (20 bytes)
1680645051.798655 sending message 105 to peer 0x1daa2a0 (16 bytes)
1680645051.798658 sending message 105 to peer 0x1daa2a0 (34 bytes)
1680645051.798661 sending message 105 to peer 0x1daa2a0 (26 bytes)
1680645051.798664 sending message 105 to peer 0x1daa2a0 (71 bytes)
1680645051.798666 sending message 105 to peer 0x1daa2a0 (19 bytes)
1680645051.798669 sending message 105 to peer 0x1daa2a0 (13 bytes)
1680645051.798673 sending message 105 to peer 0x1daa2a0 (1549 bytes)
1680645051.798683 sending message 105 to peer 0x1daa2a0 (52 bytes)
1680645051.798686 sending message 105 to peer 0x1daa2a0 (37 bytes)
1680645051.798689 sending message 105 to peer 0x1daa2a0 (52 bytes)
1680645051.798692 sending message 105 to peer 0x1daa2a0 (26 bytes)
1680645051.798694 sending message 105 to peer 0x1daa2a0 (11 bytes)
1680645051.798697 sending message 105 to peer 0x1daa2a0 (17 bytes)
1680645051.798700 sending message 105 to peer 0x1daa2a0 (13 bytes)
1680645051.798703 sending message 105 to peer 0x1daa2a0 (8 bytes)
1680645051.798706 sending message 105 to peer 0x1daa2a0 (19 bytes)
1680645051.798708 sending message 105 to peer 0x1daa2a0 (16 bytes)
1680645051.798711 sending message 105 to peer 0x1daa2a0 (9 bytes)
1680645051.798714 sending message 105 to peer 0x1daa2a0 (11 bytes)
1680645051.798717 sending message 105 to peer 0x1daa2a0 (12 bytes)
1680645051.798720 sending message 105 to peer 0x1daa2a0 (50 bytes)
1680645051.798722 sending message 105 to peer 0x1daa2a0 (54 bytes)
1680645051.798725 sending message 105 to peer 0x1daa2a0 (35 bytes)
1680645051.798728 sending message 105 to peer 0x1daa2a0 (21 bytes)
1680645051.798731 sending message 105 to peer 0x1daa2a0 (20 bytes)
1680645051.798734 sending message 105 to peer 0x1daa2a0 (16 bytes)
1680645051.798736 sending message 105 to peer 0x1daa2a0 (29 bytes)
1680645051.799322 sending message 105 to peer 0x1daa2a0 (38 bytes)
1680645051.799327 sending message 106 to peer 0x1daa2a0 (0 bytes)
1680645051.799473 sending message 200 to peer 0x1daa2a0 (4 bytes)
1680645051.799480 client loop enter
1680645051.800453 peer 0x1daa2a0 message 303
1680645051.800461 open write file 2 -
1680645051.800470 sending message 305 to peer 0x1daa2a0 (8 bytes)
1680645051.800478 write check file 2
1680645051.800686 peer 0x1daa2a0 message 304
1680645051.800692 write 58 to file 2
1680645051.800698 peer 0x1daa2a0 message 203
1680645051.800701 file 2 58 bytes left
1680645051.800721 write check file 2
1680645051.800725 client loop exit
